<?xml version="1.0" encoding="UTF-8"?>
<testng-results total="1" passed="1" failed="0" skipped="0">
  <reporter-output>
  </reporter-output>
  <suite started-at="2023-04-10T12:35:48Z" name="Default suite" finished-at="2023-04-10T12:36:06Z" duration-ms="17955">
    <groups>
    </groups>
    <test started-at="2023-04-10T12:35:48Z" name="Default test" finished-at="2023-04-10T12:36:06Z" duration-ms="17955">
      <class name="com.launchBrowser.LaunchBrowser">
        <test-method signature="tc_01()[pri:0, instance:com.launchBrowser.LaunchBrowser@3c77d488]" started-at="2023-04-10T18:05:48Z" name="tc_01" finished-at="2023-04-10T18:06:06Z" duration-ms="17944" status="PASS">
          <reporter-output>
          </reporter-output>
        </test-method> <!-- tc_01 -->
      </class> <!-- com.launchBrowser.LaunchBrowser -->
    </test> <!-- Default test -->
  </suite> <!-- Default suite -->
</testng-results>
